2020-03-22 20:57:08.592476	11254	-1.72
2020-03-22 20:57:09.356568	506	-2.78
2020-03-22 20:57:09.646101	8173	-1.89
2020-03-22 21:00:33.176743	11254	-1.74
2020-03-22 21:00:33.927584	506	-2.78
2020-03-22 21:00:34.222943	8173	-1.93
2020-03-22 21:00:35.108688	9965	-2.23
2020-03-22 21:00:35.410577	11255	-1.62
2020-03-22 21:00:35.710233	8170	-1.68
2020-03-22 21:00:36.078083	2156	-1.74
2020-03-22 21:00:36.940045	8172	-1.8
2020-03-22 21:00:37.359992	8084	-2.23
2020-03-22 21:01:36.730423	11254	-1.74
2020-03-22 21:01:37.849409	506	-2.78
2020-03-22 21:01:38.342557	8173	-1.93
2020-03-22 21:01:38.640181	9965	-2.23
2020-03-22 21:01:38.946391	11255	-1.62
2020-03-22 21:01:39.274361	8170	-1.73
2020-03-22 21:01:39.620977	2156	-1.77
2020-03-22 21:01:39.922526	8172	-1.82
2020-03-22 21:01:40.269199	8084	-2.23
2020-03-22 21:06:18.898813	11254	-1.77
2020-03-22 21:06:20.097709	506	-2.79
2020-03-22 21:06:25.396243	8173	-1.97
2020-03-22 21:06:25.673829	9965	-2.24
2020-03-22 21:06:25.965406	11255	-1.65
2020-03-22 21:06:26.253596	8170	-1.73
2020-03-22 21:06:26.552881	2156	-1.79
2020-03-22 21:06:26.848031	8172	-1.84
2020-03-22 21:06:27.126030	8084	-2.27
2020-03-22 21:06:27.413537	11254	-1.77
2020-03-22 21:06:28.152353	506	-2.79
2020-03-22 21:06:28.434373	8173	-1.97
2020-03-22 21:06:28.716438	9965	-2.24
2020-03-22 21:06:29.095044	11255	-1.65
2020-03-22 21:06:29.562287	8170	-1.73
2020-03-22 21:06:30.029332	2156	-1.79
2020-03-22 21:06:30.446005	8172	-1.84
2020-03-22 21:06:30.822545	8084	-2.27
2020-03-22 21:06:31.205256	11254	-1.77
2020-03-22 21:06:32.187757	506	-2.79
2020-03-22 21:06:32.567348	8173	-1.97
2020-03-22 21:06:32.905828	9965	-2.24
2020-03-22 21:06:33.206265	11255	-1.65
2020-03-22 21:06:33.627527	8170	-1.73
2020-03-22 21:06:33.935602	2156	-1.79
2020-03-22 21:06:34.286204	8172	-1.84
2020-03-22 21:06:34.580461	8084	-2.27
2020-03-22 21:06:34.868929	11254	-1.77
2020-03-22 21:06:35.624567	506	-2.79
2020-03-22 21:06:35.919158	8173	-1.97
2020-03-22 21:06:36.243575	9965	-2.24
2020-03-22 21:06:36.570347	11255	-1.65
2020-03-22 21:06:36.862418	8170	-1.73
2020-03-22 21:09:27.567151	11254	6.49	12.26	17.7	-1.79	55.31	1035.91
2020-03-22 21:10:16.753133	11254	6.49	12.26	17.7	-1.79	55.31	1035.91
2020-03-22 21:10:17.511601	506	8.13	12.74	22.7	-2.81	75.17	1031.75
2020-03-22 21:10:17.831724	8173	9.14	16.03	23.32	-1.98	55.47	1034.89
2020-03-22 21:10:18.128353	9965	8.69	12.2	16.97	-2.24	54.09	1035.19
2020-03-22 21:10:18.439111	11255	11.83	17.66	25.55	-1.68	51.96	1035.71
2020-03-22 21:10:18.812088	8170	12.07	22.32	33.08	-1.77	58.67	1035.16
2020-03-22 21:10:19.181878	2156	7.2	10.37	14.02	-1.87	53.44	1036.0
2020-03-22 21:10:19.540011	8172	7.13	12.64	18.81	-1.87	52.72	1033.37
2020-03-22 21:10:19.838811	8084	6.45	10.91	15.41	-2.3	58.24	1034.87
2020-03-23 01:00:27.066705	11254	6.96	13.99	20.45	-3.3	58.04	1037.15
2020-03-23 01:00:27.819093	506	10.29	16.56	29.35	-3.5	72.73	1032.22
2020-03-23 01:00:28.110455	8173	7.14	12.04	17.28	-3.52	58.08	1036.07
2020-03-23 01:00:28.396083	9965	9.73	14.13	20.39	-3.91	56.13	1036.34
2020-03-23 01:00:28.681547	11255	10.5	16.41	24.32	-3.26	54.46	1036.81
2020-03-23 01:00:28.974238	8170	9.2	20.13	29.2	-3.18	61.37	1036.27
2020-03-23 01:00:29.275307	2156	7.88	11.81	16.09	-3.72	55.84	1037.15
2020-03-23 01:00:29.571459	8172	8.47	15.13	22.29	-3.49	59.76	1034.55
2020-03-23 01:00:29.860614	8084	8.51	15.63	22.57	-4.02	60.93	1036.06
2020-03-23 01:20:30.322051	11254	7.08	14.21	20.68	-3.38	58.42	1037.18
2020-03-23 01:20:31.068103	506	10.98	17.85	31.82	-3.63	72.2	1032.2
2020-03-23 01:20:31.353283	8173	7.02	11.87	17.09	-3.65	58.43	1036.1
2020-03-23 01:20:31.639116	9965	9.72	14.06	20.07	-4.06	56.57	1036.38
2020-03-23 01:20:31.927748	11255	10.37	15.88	23.21	-3.38	54.85	1036.85
2020-03-23 01:20:32.224445	8170	10.0	21.32	31.26	-3.31	61.82	1036.31
2020-03-23 01:20:32.518368	2156	8.29	12.21	17.01	-3.86	56.29	1037.19
2020-03-23 01:20:32.806557	8172	7.87	14.38	21.42	-3.61	60.77	1034.6
2020-03-23 01:20:33.088459	8084	8.5	15.41	22.24	-4.14	61.4	1036.11
2020-03-23 01:40:33.611420	11254	7.22	14.63	21.06	-3.47	58.89	1037.19
2020-03-23 01:40:34.362435	506	11.41	18.85	33.34	-3.75	71.74	1032.18
2020-03-23 01:40:34.649133	8173	6.94	11.95	17.22	-3.73	58.71	1036.1
2020-03-23 01:40:34.945001	9965	9.96	14.3	20.31	-4.16	56.94	1036.38
2020-03-23 01:40:35.243764	11255	10.16	15.31	22.35	-3.47	55.15	1036.85
2020-03-23 01:40:35.537130	8170	10.11	21.61	31.84	-3.4	62.29	1036.29
2020-03-23 01:40:35.829998	2156	8.1	12.14	17.34	-3.96	56.48	1037.2
2020-03-23 01:40:36.120291	8172	7.47	13.61	20.31	-3.75	61.59	1034.61
2020-03-23 01:40:36.403706	8084	8.72	15.48	22.12	-4.28	61.78	1036.11
2020-03-23 02:00:36.843154	11254	7.21	14.27	20.55	-3.56	59.43	1037.18
2020-03-23 02:00:37.592643	506	11.41	19.06	33.58	-3.87	71.43	1032.18
2020-03-23 02:00:37.887633	8173	6.69	11.51	16.81	-3.85	59.03	1036.09
2020-03-23 02:00:38.174941	9965	9.74	13.9	19.65	-4.3	57.34	1036.36
2020-03-23 02:00:38.459214	11255	10.24	15.49	22.82	-3.59	55.49	1036.85
2020-03-23 02:00:38.752620	8170	9.74	21.02	30.64	-3.53	62.88	1036.28
2020-03-23 02:00:39.049261	2156	7.9	11.67	16.43	-4.11	56.79	1037.18
2020-03-23 02:00:39.332391	8172	7.16	12.91	19.46	-3.87	62.53	1034.61
2020-03-23 02:00:39.624057	8084	8.46	14.87	21.24	-4.38	61.98	1036.11
2020-03-23 02:20:40.053046	11254	7.06	13.99	20.23	-3.68	60.13	1037.19
2020-03-23 02:20:40.797531	506	11.37	19.12	33.54	-3.99	71.13	1032.2
2020-03-23 02:20:41.091163	8173	6.59	11.21	16.22	-3.96	59.36	1036.09
2020-03-23 02:20:41.372726	9965	9.65	13.79	19.55	-4.42	57.83	1036.36
2020-03-23 02:20:41.672768	11255	10.7	16.29	24.24	-3.69	55.87	1036.86
2020-03-23 02:20:41.957457	8170	9.38	19.9	28.95	-3.69	63.48	1036.32
2020-03-23 02:20:42.248446	2156	7.53	11.23	15.75	-4.21	57.29	1037.19
2020-03-23 02:20:42.537761	8172	6.98	12.29	18.35	-3.98	63.25	1034.62
2020-03-23 02:20:42.829377	8084	8.14	14.18	20.37	-4.51	62.63	1036.11
2020-03-23 02:40:43.209072	11254	6.8	13.12	18.99	-3.86	60.78	1037.22
2020-03-23 02:40:43.955053	506	11.24	18.86	33.32	-4.12	70.8	1032.21
2020-03-23 02:40:44.242170	8173	6.5	10.91	15.85	-4.09	59.67	1036.11
2020-03-23 02:40:44.529104	9965	9.5	13.6	19.29	-4.55	58.66	1036.38
2020-03-23 02:40:44.818163	11255	10.66	16.22	23.96	-3.81	56.24	1036.89
2020-03-23 02:40:45.112762	8170	8.85	18.61	26.91	-3.91	64.24	1036.4
2020-03-23 02:40:45.396067	2156	7.34	10.72	14.91	-4.25	57.61	1037.17
2020-03-23 02:40:45.692918	8172	6.79	11.94	17.58	-4.09	63.63	1034.65
2020-03-23 02:40:45.987660	8084	7.54	12.91	18.53	-4.67	63.44	1036.14
2020-03-23 03:00:46.427197	11254	6.5	12.54	17.98	-4.02	61.24	1037.29
2020-03-23 03:00:47.232657	506	11.05	18.5	32.86	-4.31	70.02	1032.21
2020-03-23 03:00:47.527541	8173	6.56	10.92	15.78	-4.29	60.25	1036.16
2020-03-23 03:00:47.817659	9965	9.42	13.54	19.36	-4.7	59.67	1036.44
2020-03-23 03:00:48.106098	11255	10.1	15.5	22.85	-3.99	56.91	1036.95
2020-03-23 03:00:48.408068	8170	9.25	18.78	27.47	-4.08	64.82	1036.46
2020-03-23 03:00:48.693025	2156	6.8	10.02	14.21	-4.4	58.18	1037.2
2020-03-23 03:00:48.984864	8172	6.37	11.36	16.5	-4.28	64.62	1034.7
2020-03-23 03:00:49.270932	8084	7.51	12.92	18.44	-4.76	64.12	1036.2
2020-03-23 03:20:49.680596	11254	6.46	12.33	17.64	-4.22	62.26	1037.39
2020-03-23 03:20:50.437426	506	10.82	18.01	32.17	-4.45	69.34	1032.2
2020-03-23 03:20:50.729949	8173	6.5	10.81	15.61	-4.47	60.91	1036.23
2020-03-23 03:20:51.016514	9965	9.67	13.94	19.94	-4.86	61.08	1036.54
2020-03-23 03:20:51.325007	11255	8.85	13.37	19.45	-4.19	57.57	1037.02
2020-03-23 03:20:51.616196	8170	8.36	17.18	24.93	-4.27	65.85	1036.55
2020-03-23 03:20:51.902047	2156	6.31	9.12	12.92	-4.6	58.67	1037.25
2020-03-23 03:20:52.192523	8172	5.96	10.66	15.59	-4.45	65.49	1034.76
2020-03-23 03:20:52.479668	8084	7.46	12.78	18.15	-4.93	65.14	1036.27
2020-03-23 03:40:52.803091	11254	6.4	12.21	17.3	-4.38	63.29	1037.46
2020-03-23 03:40:53.556930	506	10.48	17.26	30.62	-4.56	68.81	1032.21
2020-03-23 03:40:53.849055	8173	6.33	10.36	14.98	-4.64	61.57	1036.29
2020-03-23 03:40:54.137886	9965	9.71	13.87	19.88	-5.0	62.08	1036.62
2020-03-23 03:40:54.425451	11255	7.97	11.96	17.47	-4.39	58.22	1037.08
2020-03-23 03:40:54.719115	8170	7.59	15.41	22.39	-4.49	66.79	1036.63
2020-03-23 03:40:55.012141	2156	5.79	8.36	11.76	-4.86	59.31	1037.32
2020-03-23 03:40:55.305597	8172	5.71	10.06	14.84	-4.59	66.51	1034.83
2020-03-23 03:40:55.594590	8084	7.33	12.47	17.75	-5.1	66.1	1036.34
2020-03-23 04:00:56.017045	11254	6.44	12.14	17.22	-4.55	64.27	1037.53
2020-03-23 04:00:56.765370	506	10.02	16.53	29.26	-4.69	68.89	1032.24
2020-03-23 21:10:39.824477	11254	0	0	0	0	0	0
2020-03-23 21:10:39.829298	506	0	0	0	0	0	0
2020-03-23 21:10:39.846101	8173	0	0	0	0	0	0
2020-03-23 21:10:39.846776	9965	0	0	0	0	0	0
2020-03-23 21:10:39.847684	11255	0	0	0	0	0	0
2020-03-23 21:10:39.848221	8170	0	0	0	0	0	0
2020-03-23 21:10:39.848741	2156	0	0	0	0	0	0
2020-03-23 21:10:39.849316	8172	0	0	0	0	0	0
2020-03-23 21:10:39.849934	8084	0	0	0	0	0	0
2020-03-23 21:16:22.153580	11254	0	0	0	0	0	0
2020-03-23 21:16:22.159079	506	0	0	0	0	0	0
2020-03-23 21:16:22.161467	8173	0	0	0	0	0	0
2020-03-23 21:16:22.163419	9965	0	0	0	0	0	0
2020-03-23 21:16:22.166479	11255	0	0	0	0	0	0
2020-03-23 21:16:22.168700	8170	0	0	0	0	0	0
2020-03-23 21:16:22.171217	2156	0	0	0	0	0	0
2020-03-23 21:16:22.173331	8172	0	0	0	0	0	0
2020-03-23 21:16:22.175330	8084	0	0	0	0	0	0
2020-03-23 21:36:33.255138	11254	0	0	0	0	0	0
2020-03-23 21:36:33.256058	506	0	0	0	0	0	0
2020-03-23 21:36:33.256580	8173	0	0	0	0	0	0
2020-03-23 21:36:33.257051	9965	0	0	0	0	0	0
2020-03-23 21:36:33.257518	11255	0	0	0	0	0	0
2020-03-23 21:36:33.258124	8170	0	0	0	0	0	0
2020-03-23 21:36:33.258601	2156	0	0	0	0	0	0
2020-03-23 21:36:33.259068	8172	0	0	0	0	0	0
2020-03-23 21:36:33.259534	8084	0	0	0	0	0	0
2020-03-23 21:56:33.288140	11254	0	0	0	0	0	0
2020-03-23 21:56:33.289059	506	0	0	0	0	0	0
2020-03-23 21:56:33.289583	8173	0	0	0	0	0	0
2020-03-23 21:56:33.290053	9965	0	0	0	0	0	0
2020-03-23 21:56:33.290519	11255	0	0	0	0	0	0
2020-03-23 21:56:33.290984	8170	0	0	0	0	0	0
2020-03-23 21:56:33.291450	2156	0	0	0	0	0	0
2020-03-23 21:56:33.291917	8172	0	0	0	0	0	0
2020-03-23 21:56:33.292384	8084	0	0	0	0	0	0
2020-03-23 22:16:33.393046	11254	0	0	0	0	0	0
2020-03-23 22:16:33.393962	506	0	0	0	0	0	0
2020-03-23 22:16:33.394477	8173	0	0	0	0	0	0
2020-03-23 22:16:33.394947	9965	0	0	0	0	0	0
2020-03-23 22:16:33.395413	11255	0	0	0	0	0	0
2020-03-23 22:16:33.395880	8170	0	0	0	0	0	0
2020-03-23 22:16:33.396349	2156	0	0	0	0	0	0
2020-03-23 22:16:33.396816	8172	0	0	0	0	0	0
2020-03-23 22:16:33.397281	8084	0	0	0	0	0	0
2020-03-23 22:36:33.498135	11254	0	0	0	0	0	0
2020-03-23 22:36:33.499286	506	0	0	0	0	0	0
2020-03-23 22:36:33.499855	8173	0	0	0	0	0	0
2020-03-23 22:36:33.500325	9965	0	0	0	0	0	0
2020-03-23 22:36:33.500793	11255	0	0	0	0	0	0
2020-03-23 22:36:33.501273	8170	0	0	0	0	0	0
2020-03-23 22:36:33.501751	2156	0	0	0	0	0	0
2020-03-23 22:36:33.502217	8172	0	0	0	0	0	0
2020-03-23 22:36:33.502682	8084	0	0	0	0	0	0
2020-03-23 22:56:33.538157	11254	0	0	0	0	0	0
2020-03-23 22:56:33.539066	506	0	0	0	0	0	0
2020-03-23 22:56:33.539585	8173	0	0	0	0	0	0
2020-03-23 22:56:33.540054	9965	0	0	0	0	0	0
2020-03-23 22:56:33.540522	11255	0	0	0	0	0	0
2020-03-23 22:56:33.540988	8170	0	0	0	0	0	0
2020-03-23 22:56:33.541453	2156	0	0	0	0	0	0
2020-03-23 22:56:33.541919	8172	0	0	0	0	0	0
2020-03-23 22:56:33.542384	8084	0	0	0	0	0	0
2020-03-23 23:16:33.643070	11254	0	0	0	0	0	0
2020-03-23 23:16:33.644065	506	0	0	0	0	0	0
2020-03-23 23:16:33.644637	8173	0	0	0	0	0	0
2020-03-23 23:16:33.645112	9965	0	0	0	0	0	0
2020-03-23 23:16:33.645585	11255	0	0	0	0	0	0
2020-03-23 23:16:33.646052	8170	0	0	0	0	0	0
2020-03-23 23:16:33.646516	2156	0	0	0	0	0	0
2020-03-23 23:16:33.646979	8172	0	0	0	0	0	0
2020-03-23 23:16:33.647444	8084	0	0	0	0	0	0
2020-03-23 23:36:33.740710	11254	0	0	0	0	0	0
2020-03-23 23:36:33.741625	506	0	0	0	0	0	0
2020-03-23 23:36:33.742146	8173	0	0	0	0	0	0
2020-03-23 23:36:33.742618	9965	0	0	0	0	0	0
2020-03-23 23:36:33.743084	11255	0	0	0	0	0	0
2020-03-23 23:36:33.743548	8170	0	0	0	0	0	0
2020-03-23 23:36:33.744013	2156	0	0	0	0	0	0
2020-03-23 23:36:33.744482	8172	0	0	0	0	0	0
2020-03-23 23:36:33.744948	8084	0	0	0	0	0	0
2020-03-23 23:56:33.788233	11254	0	0	0	0	0	0
2020-03-23 23:56:33.789371	506	0	0	0	0	0	0
2020-03-23 23:56:33.789888	8173	0	0	0	0	0	0
2020-03-23 23:56:33.790356	9965	0	0	0	0	0	0
2020-03-23 23:56:33.790823	11255	0	0	0	0	0	0
2020-03-23 23:56:33.791290	8170	0	0	0	0	0	0
2020-03-23 23:56:33.791755	2156	0	0	0	0	0	0
2020-03-23 23:56:33.792300	8172	0	0	0	0	0	0
2020-03-23 23:56:33.792782	8084	0	0	0	0	0	0
2020-03-24 00:16:33.893554	11254	0	0	0	0	0	0
2020-03-24 00:16:33.894721	506	0	0	0	0	0	0
2020-03-24 00:16:33.895264	8173	0	0	0	0	0	0
2020-03-24 00:16:33.895733	9965	0	0	0	0	0	0
2020-03-24 00:16:33.896199	11255	0	0	0	0	0	0
2020-03-24 00:16:33.896668	8170	0	0	0	0	0	0
2020-03-24 00:16:33.897137	2156	0	0	0	0	0	0
2020-03-24 00:16:33.897602	8172	0	0	0	0	0	0
2020-03-24 00:16:33.898204	8084	0	0	0	0	0	0
2020-03-24 00:36:33.948240	11254	0	0	0	0	0	0
2020-03-24 00:36:33.949147	506	0	0	0	0	0	0
2020-03-24 00:36:33.949660	8173	0	0	0	0	0	0
2020-03-24 00:36:33.950128	9965	0	0	0	0	0	0
2020-03-24 00:36:33.950595	11255	0	0	0	0	0	0
2020-03-24 00:36:33.951063	8170	0	0	0	0	0	0
2020-03-24 00:36:33.951528	2156	0	0	0	0	0	0
2020-03-24 00:36:33.951993	8172	0	0	0	0	0	0
2020-03-24 00:36:33.952458	8084	0	0	0	0	0	0
2020-03-24 00:56:34.038142	11254	0	0	0	0	0	0
2020-03-24 00:56:34.039062	506	0	0	0	0	0	0
2020-03-24 00:56:34.039590	8173	0	0	0	0	0	0
2020-03-24 00:56:34.040061	9965	0	0	0	0	0	0
2020-03-24 00:56:34.040529	11255	0	0	0	0	0	0
2020-03-24 00:56:34.040996	8170	0	0	0	0	0	0
2020-03-24 00:56:34.041464	2156	0	0	0	0	0	0
2020-03-24 00:56:34.041932	8172	0	0	0	0	0	0
2020-03-24 00:56:34.042396	8084	0	0	0	0	0	0
2020-03-24 01:16:34.143056	11254	0	0	0	0	0	0
2020-03-24 01:16:34.143967	506	0	0	0	0	0	0
2020-03-24 01:16:34.144489	8173	0	0	0	0	0	0
2020-03-24 01:16:34.144961	9965	0	0	0	0	0	0
2020-03-24 01:16:34.145428	11255	0	0	0	0	0	0
2020-03-24 01:16:34.145896	8170	0	0	0	0	0	0
2020-03-24 01:16:34.146363	2156	0	0	0	0	0	0
2020-03-24 01:16:34.146828	8172	0	0	0	0	0	0
2020-03-24 01:16:34.147295	8084	0	0	0	0	0	0
2020-03-24 01:36:34.148000	11254	0	0	0	0	0	0
2020-03-24 01:36:34.148607	506	0	0	0	0	0	0
2020-03-24 01:36:34.148896	8173	0	0	0	0	0	0
2020-03-24 01:36:34.149135	9965	0	0	0	0	0	0
2020-03-24 01:36:34.149371	11255	0	0	0	0	0	0
2020-03-24 01:36:34.149605	8170	0	0	0	0	0	0
2020-03-24 01:36:34.149840	2156	0	0	0	0	0	0
2020-03-24 01:36:34.150075	8172	0	0	0	0	0	0
2020-03-24 01:36:34.150309	8084	0	0	0	0	0	0
2020-03-24 01:56:34.250892	11254	0	0	0	0	0	0
2020-03-24 01:56:34.252031	506	0	0	0	0	0	0
2020-03-24 01:56:34.252592	8173	0	0	0	0	0	0
2020-03-24 01:56:34.253063	9965	0	0	0	0	0	0
2020-03-24 01:56:34.253529	11255	0	0	0	0	0	0
2020-03-24 01:56:34.253994	8170	0	0	0	0	0	0
2020-03-24 01:56:34.254461	2156	0	0	0	0	0	0
2020-03-24 01:56:34.254928	8172	0	0	0	0	0	0
2020-03-24 01:56:34.255394	8084	0	0	0	0	0	0
2020-03-24 02:16:34.356176	11254	0	0	0	0	0	0
2020-03-24 02:16:34.357340	506	0	0	0	0	0	0
2020-03-24 02:16:34.358017	8173	0	0	0	0	0	0
2020-03-24 02:16:34.358525	9965	0	0	0	0	0	0
2020-03-24 02:16:34.358994	11255	0	0	0	0	0	0
2020-03-24 02:16:34.359463	8170	0	0	0	0	0	0
2020-03-24 02:16:34.359930	2156	0	0	0	0	0	0
2020-03-24 02:16:34.360398	8172	0	0	0	0	0	0
2020-03-24 02:16:34.360862	8084	0	0	0	0	0	0
2020-03-24 02:36:34.461605	11254	0	0	0	0	0	0
2020-03-24 02:36:34.462517	506	0	0	0	0	0	0
2020-03-24 02:36:34.463029	8173	0	0	0	0	0	0
2020-03-24 02:36:34.463500	9965	0	0	0	0	0	0
2020-03-24 02:36:34.463966	11255	0	0	0	0	0	0
2020-03-24 02:36:34.464433	8170	0	0	0	0	0	0
2020-03-24 02:36:34.464903	2156	0	0	0	0	0	0
2020-03-24 02:36:34.465371	8172	0	0	0	0	0	0
2020-03-24 02:36:34.465839	8084	0	0	0	0	0	0
2020-03-24 02:56:34.538146	11254	0	0	0	0	0	0
2020-03-24 02:56:34.539057	506	0	0	0	0	0	0
2020-03-24 02:56:34.539577	8173	0	0	0	0	0	0
2020-03-24 02:56:34.540047	9965	0	0	0	0	0	0
2020-03-24 02:56:34.540513	11255	0	0	0	0	0	0
2020-03-24 02:56:34.540977	8170	0	0	0	0	0	0
2020-03-24 02:56:34.541443	2156	0	0	0	0	0	0
2020-03-24 02:56:34.541911	8172	0	0	0	0	0	0
2020-03-24 02:56:34.542375	8084	0	0	0	0	0	0
2020-03-24 03:16:34.630491	11254	0	0	0	0	0	0
2020-03-24 03:16:34.631392	506	0	0	0	0	0	0
2020-03-24 03:16:34.631904	8173	0	0	0	0	0	0
2020-03-24 03:16:34.632373	9965	0	0	0	0	0	0
2020-03-24 03:16:34.632839	11255	0	0	0	0	0	0
2020-03-24 03:16:34.633309	8170	0	0	0	0	0	0
2020-03-24 03:16:34.633774	2156	0	0	0	0	0	0
2020-03-24 03:16:34.634240	8172	0	0	0	0	0	0
2020-03-24 03:16:34.634706	8084	0	0	0	0	0	0
2020-03-24 03:36:34.668359	11254	0	0	0	0	0	0
2020-03-24 03:36:34.669270	506	0	0	0	0	0	0
2020-03-24 03:36:34.669793	8173	0	0	0	0	0	0
2020-03-24 03:36:34.670263	9965	0	0	0	0	0	0
2020-03-24 03:36:34.670732	11255	0	0	0	0	0	0
2020-03-24 03:36:34.671197	8170	0	0	0	0	0	0
2020-03-24 03:36:34.671662	2156	0	0	0	0	0	0
2020-03-24 03:36:34.672127	8172	0	0	0	0	0	0
2020-03-24 03:36:34.672593	8084	0	0	0	0	0	0
2020-03-24 03:56:34.748229	11254	0	0	0	0	0	0
2020-03-24 03:56:34.749137	506	0	0	0	0	0	0
2020-03-24 03:56:34.749655	8173	0	0	0	0	0	0
2020-03-24 03:56:34.750130	9965	0	0	0	0	0	0
2020-03-24 03:56:34.750599	11255	0	0	0	0	0	0
2020-03-24 03:56:34.751065	8170	0	0	0	0	0	0
2020-03-24 03:56:34.751534	2156	0	0	0	0	0	0
2020-03-24 03:56:34.752002	8172	0	0	0	0	0	0
2020-03-24 03:56:34.752466	8084	0	0	0	0	0	0
2020-03-24 04:16:34.788222	11254	0	0	0	0	0	0
2020-03-24 04:16:34.789368	506	0	0	0	0	0	0
2020-03-24 04:16:34.789926	8173	0	0	0	0	0	0
2020-03-24 04:16:34.790397	9965	0	0	0	0	0	0
2020-03-24 04:16:34.790867	11255	0	0	0	0	0	0
2020-03-24 04:16:34.791333	8170	0	0	0	0	0	0
2020-03-24 04:16:34.791797	2156	0	0	0	0	0	0
2020-03-24 04:16:34.792265	8172	0	0	0	0	0	0
2020-03-24 04:16:34.792728	8084	0	0	0	0	0	0
2020-03-24 04:36:34.893417	11254	0	0	0	0	0	0
2020-03-24 04:36:34.894434	506	0	0	0	0	0	0
2020-03-24 04:36:34.894991	8173	0	0	0	0	0	0
2020-03-24 04:36:34.895470	9965	0	0	0	0	0	0
2020-03-24 04:36:34.895939	11255	0	0	0	0	0	0
2020-03-24 04:36:34.896404	8170	0	0	0	0	0	0
2020-03-24 04:36:34.896868	2156	0	0	0	0	0	0
2020-03-24 04:36:34.897333	8172	0	0	0	0	0	0
2020-03-24 04:36:34.897799	8084	0	0	0	0	0	0
2020-03-24 04:56:34.998710	11254	0	0	0	0	0	0
2020-03-24 04:56:34.999627	506	0	0	0	0	0	0
2020-03-24 04:56:35.000143	8173	0	0	0	0	0	0
2020-03-24 04:56:35.000614	9965	0	0	0	0	0	0
2020-03-24 04:56:35.001082	11255	0	0	0	0	0	0
2020-03-24 04:56:35.001549	8170	0	0	0	0	0	0
2020-03-24 04:56:35.002015	2156	0	0	0	0	0	0
2020-03-24 04:56:35.002484	8172	0	0	0	0	0	0
2020-03-24 04:56:35.002949	8084	0	0	0	0	0	0
2020-03-24 05:16:35.038155	11254	0	0	0	0	0	0
2020-03-24 05:16:35.039068	506	0	0	0	0	0	0
2020-03-24 05:16:35.039654	8173	0	0	0	0	0	0
2020-03-24 05:16:35.040172	9965	0	0	0	0	0	0
2020-03-24 05:16:35.040654	11255	0	0	0	0	0	0
2020-03-24 05:16:35.041131	8170	0	0	0	0	0	0
2020-03-24 05:16:35.041607	2156	0	0	0	0	0	0
2020-03-24 05:16:35.042084	8172	0	0	0	0	0	0
2020-03-24 05:16:35.042560	8084	0	0	0	0	0	0
2020-03-24 05:36:35.143253	11254	0	0	0	0	0	0
2020-03-24 05:36:35.144172	506	0	0	0	0	0	0
2020-03-24 05:36:35.144701	8173	0	0	0	0	0	0
2020-03-24 05:36:35.145172	9965	0	0	0	0	0	0
2020-03-24 05:36:35.145639	11255	0	0	0	0	0	0
2020-03-24 05:36:35.146105	8170	0	0	0	0	0	0
2020-03-24 05:36:35.146572	2156	0	0	0	0	0	0
2020-03-24 05:36:35.147038	8172	0	0	0	0	0	0
2020-03-24 05:36:35.147504	8084	0	0	0	0	0	0
2020-03-24 05:56:35.248302	11254	0	0	0	0	0	0
2020-03-24 05:56:35.249215	506	0	0	0	0	0	0
2020-03-24 05:56:35.249739	8173	0	0	0	0	0	0
2020-03-24 05:56:35.250207	9965	0	0	0	0	0	0
2020-03-24 05:56:35.250675	11255	0	0	0	0	0	0
2020-03-24 05:56:35.251144	8170	0	0	0	0	0	0
2020-03-24 05:56:35.251611	2156	0	0	0	0	0	0
2020-03-24 05:56:35.252076	8172	0	0	0	0	0	0
2020-03-24 05:56:35.252545	8084	0	0	0	0	0	0
2020-03-24 06:16:35.288131	11254	0	0	0	0	0	0
2020-03-24 06:16:35.289051	506	0	0	0	0	0	0
2020-03-24 06:16:35.289572	8173	0	0	0	0	0	0
2020-03-24 06:16:35.290042	9965	0	0	0	0	0	0
2020-03-24 06:16:35.290508	11255	0	0	0	0	0	0
2020-03-24 06:16:35.290977	8170	0	0	0	0	0	0
2020-03-24 06:16:35.291444	2156	0	0	0	0	0	0
2020-03-24 06:16:35.291911	8172	0	0	0	0	0	0
2020-03-24 06:16:35.292375	8084	0	0	0	0	0	0
2020-03-24 06:36:35.393157	11254	0	0	0	0	0	0
2020-03-24 06:36:35.394169	506	0	0	0	0	0	0
2020-03-24 06:36:35.394690	8173	0	0	0	0	0	0
2020-03-24 06:36:35.395159	9965	0	0	0	0	0	0
2020-03-24 06:36:35.395627	11255	0	0	0	0	0	0
2020-03-24 06:36:35.396092	8170	0	0	0	0	0	0
2020-03-24 06:36:35.396559	2156	0	0	0	0	0	0
2020-03-24 06:36:35.397025	8172	0	0	0	0	0	0
2020-03-24 06:36:35.397490	8084	0	0	0	0	0	0
2020-03-24 06:56:35.498398	11254	0	0	0	0	0	0
2020-03-24 06:56:35.499386	506	0	0	0	0	0	0
2020-03-24 06:56:35.499914	8173	0	0	0	0	0	0
2020-03-24 06:56:35.500455	9965	0	0	0	0	0	0
2020-03-24 06:56:35.500922	11255	0	0	0	0	0	0
2020-03-24 06:56:35.501386	8170	0	0	0	0	0	0
2020-03-24 06:56:35.501849	2156	0	0	0	0	0	0
2020-03-24 06:56:35.502311	8172	0	0	0	0	0	0
2020-03-24 06:56:35.502773	8084	0	0	0	0	0	0
2020-03-24 07:16:35.601714	11254	0	0	0	0	0	0
2020-03-24 07:16:35.602609	506	0	0	0	0	0	0
2020-03-24 07:16:35.603127	8173	0	0	0	0	0	0
2020-03-24 07:16:35.603597	9965	0	0	0	0	0	0
2020-03-24 07:16:35.604066	11255	0	0	0	0	0	0
2020-03-24 07:16:35.604532	8170	0	0	0	0	0	0
2020-03-24 07:16:35.604997	2156	0	0	0	0	0	0
2020-03-24 07:16:35.605461	8172	0	0	0	0	0	0
2020-03-24 07:16:35.605927	8084	0	0	0	0	0	0
2020-03-24 07:36:35.706612	11254	0	0	0	0	0	0
2020-03-24 07:36:35.707692	506	0	0	0	0	0	0
2020-03-24 07:36:35.708496	8173	0	0	0	0	0	0
2020-03-24 07:36:35.709003	9965	0	0	0	0	0	0
2020-03-24 07:36:35.709472	11255	0	0	0	0	0	0
2020-03-24 07:36:35.709940	8170	0	0	0	0	0	0
2020-03-24 07:36:35.710406	2156	0	0	0	0	0	0
2020-03-24 07:36:35.710871	8172	0	0	0	0	0	0
2020-03-24 07:36:35.711336	8084	0	0	0	0	0	0
2020-03-24 07:56:35.788221	11254	0	0	0	0	0	0
2020-03-24 07:56:35.789387	506	0	0	0	0	0	0
2020-03-24 07:56:35.789912	8173	0	0	0	0	0	0
2020-03-24 07:56:35.790382	9965	0	0	0	0	0	0
2020-03-24 07:56:35.790850	11255	0	0	0	0	0	0
2020-03-24 07:56:35.791316	8170	0	0	0	0	0	0
2020-03-24 07:56:35.791783	2156	0	0	0	0	0	0
2020-03-24 07:56:35.792250	8172	0	0	0	0	0	0
2020-03-24 07:56:35.792715	8084	0	0	0	0	0	0
2020-03-24 08:16:35.868344	11254	0	0	0	0	0	0
2020-03-24 08:16:35.869492	506	0	0	0	0	0	0
2020-03-24 08:16:35.870047	8173	0	0	0	0	0	0
2020-03-24 08:16:35.870515	9965	0	0	0	0	0	0
2020-03-24 08:16:35.870981	11255	0	0	0	0	0	0
2020-03-24 08:16:35.871448	8170	0	0	0	0	0	0
2020-03-24 08:16:35.871914	2156	0	0	0	0	0	0
2020-03-24 08:16:35.872381	8172	0	0	0	0	0	0
2020-03-24 08:16:35.872847	8084	0	0	0	0	0	0
2020-03-24 08:36:35.908475	11254	0	0	0	0	0	0
2020-03-24 08:36:35.909383	506	0	0	0	0	0	0
2020-03-24 08:36:35.909894	8173	0	0	0	0	0	0
2020-03-24 08:36:35.910364	9965	0	0	0	0	0	0
2020-03-24 08:36:35.910830	11255	0	0	0	0	0	0
2020-03-24 08:36:35.911297	8170	0	0	0	0	0	0
2020-03-24 08:36:35.911762	2156	0	0	0	0	0	0
2020-03-24 08:36:35.912229	8172	0	0	0	0	0	0
2020-03-24 08:36:35.912695	8084	0	0	0	0	0	0
2020-03-24 08:56:36.013363	11254	0	0	0	0	0	0
2020-03-24 08:56:36.014283	506	0	0	0	0	0	0
2020-03-24 08:56:36.014804	8173	0	0	0	0	0	0
2020-03-24 08:56:36.015276	9965	0	0	0	0	0	0
2020-03-24 08:56:36.015742	11255	0	0	0	0	0	0
2020-03-24 08:56:36.016207	8170	0	0	0	0	0	0
2020-03-24 08:56:36.016674	2156	0	0	0	0	0	0
2020-03-24 08:56:36.017139	8172	0	0	0	0	0	0
2020-03-24 08:56:36.017605	8084	0	0	0	0	0	0
2020-03-24 09:16:36.118433	11254	0	0	0	0	0	0
2020-03-24 09:16:36.119336	506	0	0	0	0	0	0
2020-03-24 09:16:36.119856	8173	0	0	0	0	0	0
2020-03-24 09:16:36.120329	9965	0	0	0	0	0	0
2020-03-24 09:16:36.120796	11255	0	0	0	0	0	0
2020-03-24 09:16:36.121262	8170	0	0	0	0	0	0
2020-03-24 09:16:36.121726	2156	0	0	0	0	0	0
2020-03-24 09:16:36.122192	8172	0	0	0	0	0	0
2020-03-24 09:16:36.122656	8084	0	0	0	0	0	0
2020-03-24 09:36:36.133033	11254	0	0	0	0	0	0
2020-03-24 09:36:36.133960	506	0	0	0	0	0	0
2020-03-24 09:36:36.134484	8173	0	0	0	0	0	0
2020-03-24 09:36:36.134953	9965	0	0	0	0	0	0
2020-03-24 09:36:36.135420	11255	0	0	0	0	0	0
2020-03-24 09:36:36.135888	8170	0	0	0	0	0	0
2020-03-24 09:36:36.136355	2156	0	0	0	0	0	0
2020-03-24 09:36:36.136821	8172	0	0	0	0	0	0
2020-03-24 09:36:36.137286	8084	0	0	0	0	0	0
2020-03-24 09:56:36.238026	11254	0	0	0	0	0	0
2020-03-24 09:56:36.238939	506	0	0	0	0	0	0
2020-03-24 09:56:36.239466	8173	0	0	0	0	0	0
2020-03-24 09:56:36.239936	9965	0	0	0	0	0	0
2020-03-24 09:56:36.240405	11255	0	0	0	0	0	0
2020-03-24 09:56:36.240875	8170	0	0	0	0	0	0
2020-03-24 09:56:36.241342	2156	0	0	0	0	0	0
2020-03-24 09:56:36.241806	8172	0	0	0	0	0	0
2020-03-24 09:56:36.242270	8084	0	0	0	0	0	0
2020-03-24 10:16:36.288112	11254	0	0	0	0	0	0
2020-03-24 10:16:36.289027	506	0	0	0	0	0	0
2020-03-24 10:16:36.289546	8173	0	0	0	0	0	0
2020-03-24 10:16:36.290015	9965	0	0	0	0	0	0
2020-03-24 10:16:36.290482	11255	0	0	0	0	0	0
2020-03-24 10:16:36.290948	8170	0	0	0	0	0	0
2020-03-24 10:16:36.291487	2156	0	0	0	0	0	0
2020-03-24 10:16:36.291953	8172	0	0	0	0	0	0
2020-03-24 10:16:36.292415	8084	0	0	0	0	0	0
2020-03-24 10:36:36.348334	11254	0	0	0	0	0	0
2020-03-24 10:36:36.349316	506	0	0	0	0	0	0
2020-03-24 10:36:36.349837	8173	0	0	0	0	0	0
2020-03-24 10:36:36.350307	9965	0	0	0	0	0	0
2020-03-24 10:36:36.350776	11255	0	0	0	0	0	0
2020-03-24 10:36:36.351243	8170	0	0	0	0	0	0
2020-03-24 10:36:36.351708	2156	0	0	0	0	0	0
2020-03-24 10:36:36.352173	8172	0	0	0	0	0	0
2020-03-24 10:36:36.352640	8084	0	0	0	0	0	0
2020-03-24 10:56:36.420984	11254	0	0	0	0	0	0
2020-03-24 10:56:36.421896	506	0	0	0	0	0	0
2020-03-24 10:56:36.422419	8173	0	0	0	0	0	0
2020-03-24 10:56:36.422888	9965	0	0	0	0	0	0
2020-03-24 10:56:36.423353	11255	0	0	0	0	0	0
2020-03-24 10:56:36.423818	8170	0	0	0	0	0	0
2020-03-24 10:56:36.424287	2156	0	0	0	0	0	0
2020-03-24 10:56:36.424765	8172	0	0	0	0	0	0
2020-03-24 10:56:36.425237	8084	0	0	0	0	0	0
2020-03-24 11:16:36.525903	11254	0	0	0	0	0	0
2020-03-24 11:16:36.526803	506	0	0	0	0	0	0
2020-03-24 11:16:36.527324	8173	0	0	0	0	0	0
2020-03-24 11:16:36.527794	9965	0	0	0	0	0	0
2020-03-24 11:16:36.528469	11255	0	0	0	0	0	0
2020-03-24 11:16:36.528955	8170	0	0	0	0	0	0
2020-03-24 11:16:36.529422	2156	0	0	0	0	0	0
2020-03-24 11:16:36.529884	8172	0	0	0	0	0	0
2020-03-24 11:16:36.530350	8084	0	0	0	0	0	0
2020-03-24 11:36:36.567728	11254	0	0	0	0	0	0
2020-03-24 11:36:36.568701	506	0	0	0	0	0	0
2020-03-24 11:36:36.569227	8173	0	0	0	0	0	0
2020-03-24 11:36:36.569698	9965	0	0	0	0	0	0
2020-03-24 11:36:36.570163	11255	0	0	0	0	0	0
2020-03-24 11:36:36.570629	8170	0	0	0	0	0	0
2020-03-24 11:36:36.571094	2156	0	0	0	0	0	0
2020-03-24 11:36:36.571557	8172	0	0	0	0	0	0
2020-03-24 11:36:36.572020	8084	0	0	0	0	0	0
2020-03-24 11:50:06.233114	<built-in function id>	0	0	0	0	0	0
2020-03-24 11:52:44.315693	<built-in function id>	8.47	13.96	19.01	1.16	46.7	1039.06
2020-03-24 12:20:40.541826	8.72	14.44	19.5	1.5	45.47	1038.78
2020-03-24 12:40:40.951523	8.87	14.72	19.92	1.72	44.89	1038.63
2020-03-24 13:00:41.501499	8.73	14.46	19.67	1.93	44.2	1038.51
2020-03-24 13:20:42.156935	8.74	14.52	19.78	2.13	43.59	1038.42
2020-03-24 13:40:42.696837	8.72	14.45	19.69	2.35	42.66	1038.27
2020-03-24 14:00:44.006354	8.93	14.66	19.76	2.52	41.6	1038.15
2020-03-24 14:20:44.509408	8.79	14.3	19.18	2.65	40.64	1038.01
2020-03-24 14:40:44.954783	8.42	13.68	18.35	2.76	39.95	1037.92
2020-03-24 15:00:50.457809	7.88	12.85	17.34	2.96	39.36	1037.76
2020-03-24 15:20:50.984755	7.44	12.34	16.66	3.19	38.94	1037.61
2020-03-24 15:40:52.450543	7.0	11.65	15.65	3.3	38.96	1037.46
2020-03-24 16:00:52.937161	6.51	10.71	14.45	3.41	38.88	1037.31
2020-03-24 16:20:53.363039	6.37	10.47	14.33	3.49	38.78	1037.16
2020-03-24 16:40:54.265776	6.53	10.87	15.08	3.33	39.46	1037.01
2020-03-24 17:00:56.366614	6.81	11.45	15.69	3.16	40.21	1036.91
2020-03-24 17:20:57.410870	7.0	11.9	16.24	2.97	40.89	1036.87
2020-03-24 17:25:33.110213	7.14	12.29	16.62	2.61	41.92	1036.9
